<?xml version="1.0" encoding="UTF-8"?>
<!-- Generated by org.testng.reporters.JUnitReportReporter -->
<testsuite hostname="LAPTOP-NTBPMJL5" failures="0" tests="5" name="org.example.RestAssuredTests" time="4.384" errors="0" timestamp="2024-05-02T18:51:01 PDT" skipped="0">
  <testcase classname="org.example.RestAssuredTests" name="deleteRequest2" time="2.485"/>
  <system-out/>
  <testcase classname="org.example.RestAssuredTests" name="getRequest2" time="0.305"/>
  <system-out/>
  <testcase classname="org.example.RestAssuredTests" name="postRequest3" time="0.715"/>
  <system-out/>
  <testcase classname="org.example.RestAssuredTests" name="getRequest" time="0.421"/>
  <system-out/>
  <testcase classname="org.example.RestAssuredTests" name="putRequest2" time="0.458"/>
  <system-out/>
</testsuite> <!-- org.example.RestAssuredTests -->
