<?xml version="1.0" encoding="UTF-8"?>
<!-- Generated by org.testng.reporters.JUnitReportReporter -->
<testsuite hostname="LAPTOP-NTBPMJL5" failures="0" tests="3" name="testNGTutorials.FirstTestNGScript" time="0.016" errors="0" timestamp="2023-11-30T22:09:02 PST" skipped="0">
  <testcase classname="testNGTutorials.FirstTestNGScript" name="loginApplocation" time="0.012"/>
  <system-out/>
  <testcase classname="testNGTutorials.FirstTestNGScript" name="selectItems" time="0.002"/>
  <system-out/>
  <testcase classname="testNGTutorials.FirstTestNGScript" name="checkOut" time="0.002"/>
  <system-out/>
</testsuite> <!-- testNGTutorials.FirstTestNGScript -->
