<?xml version="1.0" encoding="UTF-8"?>
<!-- Generated by org.testng.reporters.JUnitReportReporter -->
<testsuite hostname="LAPTOP-NTBPMJL5" failures="0" tests="4" name="testCases.SampleFormsPage" time="15.315" errors="0" timestamp="2024-03-03T16:38:41 PST" skipped="0">
  <testcase classname="testCases.SampleFormsPage" name="emailAddressField" time="5.102"/>
  <system-out/>
  <testcase classname="testCases.SampleFormsPage" name="textBoxField" time="5.041"/>
  <system-out/>
  <testcase classname="testCases.SampleFormsPage" name="subjectField" time="5.066"/>
  <system-out/>
  <testcase classname="testCases.SampleFormsPage" name="sampleForms" time="0.106"/>
  <system-out/>
</testsuite> <!-- testCases.SampleFormsPage -->
