<?xml version="1.0" encoding="UTF-8"?>
<!-- Generated by org.testng.reporters.JUnitReportReporter -->
<testsuite hostname="LAPTOP-NTBPMJL5" failures="0" tests="5" name="testCases.Datadriven" time="0.833" errors="0" timestamp="2024-03-09T21:01:30 PST" skipped="0">
  <testcase classname="testCases.Datadriven" name="test" time="0.187"/>
  <system-out/>
  <testcase classname="testCases.Datadriven" name="test" time="0.143"/>
  <system-out/>
  <testcase classname="testCases.Datadriven" name="test" time="0.147"/>
  <system-out/>
  <testcase classname="testCases.Datadriven" name="test" time="0.208"/>
  <system-out/>
  <testcase classname="testCases.Datadriven" name="test" time="0.148"/>
  <system-out/>
</testsuite> <!-- testCases.Datadriven -->
