<?xml version="1.0" encoding="UTF-8"?>
<!-- Generated by org.testng.reporters.JUnitReportReporter -->
<testsuite hostname="LAPTOP-NTBPMJL5" failures="0" tests="1" name="testCases.MyShopLoginTest" time="1.439" errors="0" timestamp="2024-03-11T20:38:38 PDT" skipped="0">
  <testcase classname="testCases.MyShopLoginTest" name="Signin" time="1.439"/>
  <system-out/>
</testsuite> <!-- testCases.MyShopLoginTest -->
