<?xml version="1.0" encoding="UTF-8"?>
<!-- Generated by org.testng.reporters.JUnitReportReporter -->
<testsuite hostname="LAPTOP-NTBPMJL5" failures="0" tests="5" name="basics.Datadriven" time="0.900" errors="0" timestamp="2024-03-08T17:35:02 PST" skipped="0">
  <testcase classname="basics.Datadriven" name="test" time="0.202"/>
  <system-out/>
  <testcase classname="basics.Datadriven" name="test" time="0.144"/>
  <system-out/>
  <testcase classname="basics.Datadriven" name="test" time="0.175"/>
  <system-out/>
  <testcase classname="basics.Datadriven" name="test" time="0.226"/>
  <system-out/>
  <testcase classname="basics.Datadriven" name="test" time="0.153"/>
  <system-out/>
</testsuite> <!-- basics.Datadriven -->
