<?xml version="1.0" encoding="UTF-8"?>
<!-- Generated by org.testng.reporters.JUnitReportReporter -->
<testsuite hostname="LAPTOP-NTBPMJL5" failures="0" tests="6" name="basics.DataProviderDemo2" time="13.066" errors="0" timestamp="2024-03-24T16:42:03 PDT" skipped="0">
  <testcase classname="basics.DataProviderDemo2" name="test" time="1.896"/>
  <system-out/>
  <testcase classname="basics.DataProviderDemo2" name="test" time="2.477"/>
  <system-out/>
  <testcase classname="basics.DataProviderDemo2" name="test" time="1.897"/>
  <system-out/>
  <testcase classname="basics.DataProviderDemo2" name="test" time="2.229"/>
  <system-out/>
  <testcase classname="basics.DataProviderDemo2" name="test" time="2.226"/>
  <system-out/>
  <testcase classname="basics.DataProviderDemo2" name="test" time="2.341"/>
  <system-out/>
</testsuite> <!-- basics.DataProviderDemo2 -->
