<?xml version="1.0" encoding="UTF-8"?>
<!-- Generated by org.testng.reporters.JUnitReportReporter -->
<testsuite hostname="LAPTOP-NTBPMJL5" failures="0" tests="1" name="testCases.GetElements" time="0.059" errors="0" timestamp="2024-03-13T18:19:50 PDT" skipped="0">
  <testcase classname="testCases.GetElements" name="stage1" time="0.059"/>
  <system-out/>
</testsuite> <!-- testCases.GetElements -->
