<?xml version="1.0" encoding="UTF-8"?>
<!-- Generated by org.testng.reporters.JUnitReportReporter -->
<testsuite hostname="LAPTOP-NTBPMJL5" failures="0" tests="1" name="testCases.LoginTestCase" time="0.689" errors="0" timestamp="2024-03-05T17:32:43 PST" skipped="0">
  <testcase classname="testCases.LoginTestCase" name="login" time="0.689"/>
  <system-out/>
</testsuite> <!-- testCases.LoginTestCase -->
