<?xml version="1.0" encoding="UTF-8"?>
<!-- Generated by org.testng.reporters.JUnitReportReporter -->
<testsuite hostname="LAPTOP-NTBPMJL5" failures="0" tests="3" name="testCases.TestNG_Demos" time="0.015" errors="0" timestamp="2024-03-07T18:07:48 PST" skipped="0">
  <testcase classname="testCases.TestNG_Demos" name="test1" time="0.003"/>
  <system-out/>
  <testcase classname="testCases.TestNG_Demos" name="abc" time="0.011"/>
  <system-out/>
  <testcase classname="testCases.TestNG_Demos" name="test" time="0.001"/>
  <system-out/>
</testsuite> <!-- testCases.TestNG_Demos -->
