<?xml version="1.0" encoding="UTF-8"?>
<!-- Generated by org.testng.reporters.JUnitReportReporter -->
<testsuite hostname="LAPTOP-NTBPMJL5" failures="0" tests="1" name="basics.ReportSample" time="0.013" errors="0" timestamp="2024-03-25T09:27:11 PDT" skipped="0">
  <testcase classname="basics.ReportSample" name="test" time="0.013"/>
  <system-out/>
</testsuite> <!-- basics.ReportSample -->
