<?xml version="1.0" encoding="UTF-8"?>
<!-- Generated by org.testng.reporters.JUnitReportReporter -->
<testsuite hostname="LAPTOP-NTBPMJL5" failures="0" tests="15" name="testCases.SampleFormsPageTest" time="1.402" errors="0" timestamp="2024-03-06T17:45:02 PST" skipped="0">
  <testcase classname="testCases.SampleFormsPageTest" name="sampleForms" time="0.048"/>
  <system-out/>
  <testcase classname="testCases.SampleFormsPageTest" name="textBoxField" time="0.130"/>
  <system-out/>
  <testcase classname="testCases.SampleFormsPageTest" name="multiTextBoxField" time="0.092"/>
  <system-out/>
  <testcase classname="testCases.SampleFormsPageTest" name="checkMultiAnswerBox" time="0.120"/>
  <system-out/>
  <testcase classname="testCases.SampleFormsPageTest" name="selectDropDownBox" time="0.104"/>
  <system-out/>
  <testcase classname="testCases.SampleFormsPageTest" name="selectLastName" time="0.068"/>
  <system-out/>
  <testcase classname="testCases.SampleFormsPageTest" name="selectProvinces" time="0.100"/>
  <system-out/>
  <testcase classname="testCases.SampleFormsPageTest" name="subjectField" time="0.120"/>
  <system-out/>
  <testcase classname="testCases.SampleFormsPageTest" name="selectStatesBox" time="0.102"/>
  <system-out/>
  <testcase classname="testCases.SampleFormsPageTest" name="selectNames" time="0.102"/>
  <system-out/>
  <testcase classname="testCases.SampleFormsPageTest" name="checkRadioButtons" time="0.056"/>
  <system-out/>
  <testcase classname="testCases.SampleFormsPageTest" name="checkSendTo" time="0.048"/>
  <system-out/>
  <testcase classname="testCases.SampleFormsPageTest" name="selectFirstName" time="0.071"/>
  <system-out/>
  <testcase classname="testCases.SampleFormsPageTest" name="selectCountries" time="0.119"/>
  <system-out/>
  <testcase classname="testCases.SampleFormsPageTest" name="emailAddressField" time="0.122"/>
  <system-out/>
</testsuite> <!-- testCases.SampleFormsPageTest -->
