<?xml version="1.0" encoding="UTF-8"?>
<!-- Generated by org.testng.reporters.JUnitReportReporter -->
<testsuite hostname="LAPTOP-NTBPMJL5" failures="0" tests="5" name="basics.DataProviderDemo" time="0.036" errors="0" timestamp="2024-03-25T09:19:29 PDT" skipped="0">
  <testcase classname="basics.DataProviderDemo" name="test" time="0.001"/>
  <system-out/>
  <testcase classname="basics.DataProviderDemo" name="test" time="0.002"/>
  <system-out/>
  <testcase classname="basics.DataProviderDemo" name="test" time="0.002"/>
  <system-out/>
  <testcase classname="basics.DataProviderDemo" name="test" time="0.002"/>
  <system-out/>
  <testcase classname="basics.DataProviderDemo" name="test" time="0.029"/>
  <system-out/>
</testsuite> <!-- basics.DataProviderDemo -->
