<?xml version="1.0" encoding="UTF-8"?>
<!-- Generated by org.testng.reporters.JUnitReportReporter -->
<testsuite hostname="LAPTOP-NTBPMJL5" failures="0" tests="1" name="testCases.SauceDemoTestLoginPage" time="0.443" errors="0" timestamp="2024-03-05T19:34:10 PST" skipped="0">
  <testcase classname="testCases.SauceDemoTestLoginPage" name="Login" time="0.443"/>
  <system-out/>
</testsuite> <!-- testCases.SauceDemoTestLoginPage -->
