<?xml version="1.0" encoding="UTF-8"?>
<!-- Generated by org.testng.reporters.JUnitReportReporter -->
<testsuite hostname="LAPTOP-NTBPMJL5" failures="0" tests="2" name="tests.TestExample" time="2.468" errors="0" timestamp="2024-01-14T20:00:48 PST" skipped="0">
  <testcase classname="tests.TestExample" name="test_1" time="1.594"/>
  <testcase classname="tests.TestExample" name="test_2" time="0.874"/>
</testsuite> <!-- tests.TestExample -->
