<?xml version="1.0" encoding="UTF-8"?>
<!-- Generated by org.testng.reporters.JUnitReportReporter -->
<testsuite hostname="LAPTOP-NTBPMJL5" failures="0" tests="2" name="tests.GetAndPOstExamples" time="3.025" errors="0" timestamp="2024-01-14T20:38:23 PST" skipped="0">
  <testcase classname="tests.GetAndPOstExamples" name="testGet" time="2.107"/>
  <testcase classname="tests.GetAndPOstExamples" name="testPost" time="0.918"/>
</testsuite> <!-- tests.GetAndPOstExamples -->
